[INFO ] 19-04-2023 00:09:14 [main] Log - Executing: Recording...
[INFO ] 19-04-2023 00:09:14 [main] Log - Executing: Open browser Chrome
[INFO ] 19-04-2023 00:09:19 [main] Log - Executing: Opening Url: https://www.careerlink.vn/nguoi-tim-viec/login
[INFO ] 19-04-2023 00:09:24 [main] Log - Executing: Enter text: 
[INFO ] 19-04-2023 00:09:24 [main] Log - Executing: Enter text: 20102001
[INFO ] 19-04-2023 00:09:24 [main] Log - Executing: Click button: xpath= //button[contains(text(),'Đăng nhập')]
[INFO ] 19-04-2023 00:09:26 [main] Log - Executing: | Verify the result
[INFO ] 19-04-2023 00:09:26 [main] Log - Expected Result: Please fill out this field.
[INFO ] 19-04-2023 00:09:26 [main] Log - Actual Result: Please fill out this field.
[INFO ] 19-04-2023 00:09:26 [main] Log - Same result ---> Pass
[INFO ] 19-04-2023 00:09:26 [main] Log - Executing: Closing...
[INFO ] 19-04-2023 00:09:27 [main] Log - Stop record
[INFO ] 19-04-2023 00:09:27 [main] Log - Executing: Recording...
[INFO ] 19-04-2023 00:09:27 [main] Log - Executing: Open browser Chrome
[INFO ] 19-04-2023 00:09:28 [main] Log - Executing: Opening Url: https://www.careerlink.vn/nguoi-tim-viec/login
[INFO ] 19-04-2023 00:09:30 [main] Log - Executing: Enter text: 
[INFO ] 19-04-2023 00:09:30 [main] Log - Executing: Enter text: 20102001
[INFO ] 19-04-2023 00:09:31 [main] Log - Executing: Click button: xpath= //button[contains(text(),'Đăng nhập')]
[INFO ] 19-04-2023 00:09:32 [main] Log - Executing: | Verify the result
[INFO ] 19-04-2023 00:09:33 [main] Log - Expected Result: Please fill out this field.
[INFO ] 19-04-2023 00:09:33 [main] Log - Actual Result: Please fill out this field.
[INFO ] 19-04-2023 00:09:33 [main] Log - Same result ---> Pass
[INFO ] 19-04-2023 00:09:33 [main] Log - Executing: Closing...
[INFO ] 19-04-2023 00:09:33 [main] Log - Executing: Open browser Chrome
[INFO ] 19-04-2023 00:09:34 [main] Log - Executing: Opening Url: https://www.careerlink.vn/nguoi-tim-viec/login
[INFO ] 19-04-2023 00:09:36 [main] Log - Executing: Enter text: null
[INFO ] 19-04-2023 00:09:37 [main] Log - Executing: Enter text: 20102001
[INFO ] 19-04-2023 00:09:37 [main] Log - Executing: Click button: xpath= //button[contains(text(),'Đăng nhập')]
[INFO ] 19-04-2023 00:09:39 [main] Log - Executing: | Verify the result
[INFO ] 19-04-2023 00:09:39 [main] Log - Expected Result: Please fill out this field.
[INFO ] 19-04-2023 00:09:39 [main] Log - Actual Result: Please fill out this field.
[INFO ] 19-04-2023 00:09:39 [main] Log - Same result ---> Pass
[INFO ] 19-04-2023 00:09:39 [main] Log - Executing: Closing...
[INFO ] 19-04-2023 00:09:39 [main] Log - Stop record
[INFO ] 19-04-2023 00:09:40 [main] Log - Executing: Recording...
[INFO ] 19-04-2023 00:09:40 [main] Log - Executing: Open browser Chrome
[INFO ] 19-04-2023 00:09:42 [main] Log - Executing: Opening Url: https://www.careerlink.vn/nguoi-tim-viec/login
[INFO ] 19-04-2023 00:09:44 [main] Log - Executing: Enter text: 
[INFO ] 19-04-2023 00:09:44 [main] Log - Executing: Enter text: 20102001
[INFO ] 19-04-2023 00:09:45 [main] Log - Executing: Click button: xpath= //button[contains(text(),'Đăng nhập')]
[INFO ] 19-04-2023 00:09:47 [main] Log - Executing: | Verify the result
[INFO ] 19-04-2023 00:09:47 [main] Log - Expected Result: Please fill out this field.
[INFO ] 19-04-2023 00:09:47 [main] Log - Actual Result: Please fill out this field.
[INFO ] 19-04-2023 00:09:47 [main] Log - Same result ---> Pass
[INFO ] 19-04-2023 00:09:47 [main] Log - Executing: Closing...
[INFO ] 19-04-2023 00:09:47 [main] Log - Executing: Open browser Chrome
[INFO ] 19-04-2023 00:09:49 [main] Log - Executing: Opening Url: https://www.careerlink.vn/nguoi-tim-viec/login
[INFO ] 19-04-2023 00:09:51 [main] Log - Executing: Enter text: null
[INFO ] 19-04-2023 00:09:51 [main] Log - Executing: Enter text: 20102001
[INFO ] 19-04-2023 00:09:52 [main] Log - Executing: Click button: xpath= //button[contains(text(),'Đăng nhập')]
[INFO ] 19-04-2023 00:09:53 [main] Log - Executing: | Verify the result
[INFO ] 19-04-2023 00:09:54 [main] Log - Expected Result: Please fill out this field.
[INFO ] 19-04-2023 00:09:54 [main] Log - Actual Result: Please fill out this field.
[INFO ] 19-04-2023 00:09:54 [main] Log - Same result ---> Pass
[INFO ] 19-04-2023 00:09:54 [main] Log - Executing: Closing...
[INFO ] 19-04-2023 00:09:54 [main] Log - Executing: Open browser Chrome
[INFO ] 19-04-2023 00:09:55 [main] Log - Executing: Opening Url: https://www.careerlink.vn/nguoi-tim-viec/login
[INFO ] 19-04-2023 00:09:58 [main] Log - Executing: Enter text: 
[INFO ] 19-04-2023 00:09:58 [main] Log - Executing: Enter text: 20102001
[INFO ] 19-04-2023 00:09:59 [main] Log - Executing: Click button: xpath= //button[contains(text(),'Đăng nhập')]
[INFO ] 19-04-2023 00:10:01 [main] Log - Executing: | Verify the result
[INFO ] 19-04-2023 00:10:01 [main] Log - Expected Result: Please fill out this field.
[INFO ] 19-04-2023 00:10:01 [main] Log - Actual Result: Please fill out this field.
[INFO ] 19-04-2023 00:10:01 [main] Log - Same result ---> Pass
[INFO ] 19-04-2023 00:10:01 [main] Log - Executing: Closing...
[INFO ] 19-04-2023 00:10:01 [main] Log - Stop record
[INFO ] 19-04-2023 00:17:14 [main] Log - Executing: Recording...
[INFO ] 19-04-2023 00:17:15 [main] Log - Executing: Open browser Chrome
[INFO ] 19-04-2023 00:17:20 [main] Log - Executing: Opening Url: https://www.careerlink.vn/nguoi-tim-viec/login
[INFO ] 19-04-2023 00:17:23 [main] Log - Executing: Enter text: 
[INFO ] 19-04-2023 00:17:24 [main] Log - Executing: Enter text: 20102001
[INFO ] 19-04-2023 00:17:24 [main] Log - Executing: Click button: xpath= //button[contains(text(),'Đăng nhập')]
[INFO ] 19-04-2023 00:17:26 [main] Log - Executing: | Verify the result
[INFO ] 19-04-2023 00:17:26 [main] Log - Expected Result: Please fill out this field.
[INFO ] 19-04-2023 00:17:26 [main] Log - Actual Result: Please fill out this field.
[INFO ] 19-04-2023 00:17:26 [main] Log - Same result ---> Pass
[INFO ] 19-04-2023 00:17:26 [main] Log - Executing: Closing...
[INFO ] 19-04-2023 00:17:27 [main] Log - Stop record
[INFO ] 19-04-2023 00:17:27 [main] Log - Executing: Recording...
[INFO ] 19-04-2023 00:17:27 [main] Log - Executing: Open browser Chrome
[INFO ] 19-04-2023 00:17:29 [main] Log - Executing: Opening Url: https://www.careerlink.vn/nguoi-tim-viec/login
[INFO ] 19-04-2023 00:17:31 [main] Log - Executing: Enter text: 
[INFO ] 19-04-2023 00:17:31 [main] Log - Executing: Enter text: 20102001
[INFO ] 19-04-2023 00:17:31 [main] Log - Executing: Click button: xpath= //button[contains(text(),'Đăng nhập')]
[INFO ] 19-04-2023 00:17:33 [main] Log - Executing: | Verify the result
[INFO ] 19-04-2023 00:17:33 [main] Log - Expected Result: Please fill out this field.
[INFO ] 19-04-2023 00:17:33 [main] Log - Actual Result: Please fill out this field.
[INFO ] 19-04-2023 00:17:33 [main] Log - Same result ---> Pass
[INFO ] 19-04-2023 00:17:34 [main] Log - Executing: Closing...
[INFO ] 19-04-2023 00:17:35 [main] Log - Executing: Open browser Chrome
[INFO ] 19-04-2023 00:17:36 [main] Log - Executing: Opening Url: https://www.careerlink.vn/nguoi-tim-viec/login
[INFO ] 19-04-2023 00:17:39 [main] Log - Executing: Enter text: null
[INFO ] 19-04-2023 00:17:39 [main] Log - Executing: Enter text: 20102001
[INFO ] 19-04-2023 00:17:39 [main] Log - Executing: Click button: xpath= //button[contains(text(),'Đăng nhập')]
[INFO ] 19-04-2023 00:17:41 [main] Log - Executing: | Verify the result
[INFO ] 19-04-2023 00:17:41 [main] Log - Expected Result: Please fill out this field.
[INFO ] 19-04-2023 00:17:41 [main] Log - Actual Result: Please fill out this field.
[INFO ] 19-04-2023 00:17:41 [main] Log - Same result ---> Pass
[INFO ] 19-04-2023 00:17:41 [main] Log - Executing: Closing...
[INFO ] 19-04-2023 00:17:41 [main] Log - Stop record
[INFO ] 19-04-2023 00:17:43 [main] Log - Executing: Recording...
[INFO ] 19-04-2023 00:17:43 [main] Log - Executing: Open browser Chrome
[INFO ] 19-04-2023 00:17:44 [main] Log - Executing: Opening Url: https://www.careerlink.vn/nguoi-tim-viec/login
[INFO ] 19-04-2023 00:17:47 [main] Log - Executing: Enter text: 
[INFO ] 19-04-2023 00:17:47 [main] Log - Executing: Enter text: 20102001
[INFO ] 19-04-2023 00:17:47 [main] Log - Executing: Click button: xpath= //button[contains(text(),'Đăng nhập')]
[INFO ] 19-04-2023 00:17:49 [main] Log - Executing: | Verify the result
[INFO ] 19-04-2023 00:17:49 [main] Log - Expected Result: Please fill out this field.
[INFO ] 19-04-2023 00:17:49 [main] Log - Actual Result: Please fill out this field.
[INFO ] 19-04-2023 00:17:49 [main] Log - Same result ---> Pass
[INFO ] 19-04-2023 00:17:49 [main] Log - Executing: Closing...
[INFO ] 19-04-2023 00:17:50 [main] Log - Executing: Open browser Chrome
[INFO ] 19-04-2023 00:17:51 [main] Log - Executing: Opening Url: https://www.careerlink.vn/nguoi-tim-viec/login
[INFO ] 19-04-2023 00:17:53 [main] Log - Executing: Enter text: null
[INFO ] 19-04-2023 00:17:53 [main] Log - Executing: Enter text: 20102001
[INFO ] 19-04-2023 00:17:54 [main] Log - Executing: Click button: xpath= //button[contains(text(),'Đăng nhập')]
[INFO ] 19-04-2023 00:17:56 [main] Log - Executing: | Verify the result
[INFO ] 19-04-2023 00:17:56 [main] Log - Expected Result: Please fill out this field.
[INFO ] 19-04-2023 00:17:56 [main] Log - Actual Result: Please fill out this field.
[INFO ] 19-04-2023 00:17:56 [main] Log - Same result ---> Pass
[INFO ] 19-04-2023 00:17:56 [main] Log - Executing: Closing...
[INFO ] 19-04-2023 00:17:56 [main] Log - Executing: Open browser Chrome
[INFO ] 19-04-2023 00:17:58 [main] Log - Executing: Opening Url: https://www.careerlink.vn/nguoi-tim-viec/login
[INFO ] 19-04-2023 00:18:00 [main] Log - Executing: Enter text: 
[INFO ] 19-04-2023 00:18:01 [main] Log - Executing: Enter text: 20102001
[INFO ] 19-04-2023 00:18:01 [main] Log - Executing: Click button: xpath= //button[contains(text(),'Đăng nhập')]
[INFO ] 19-04-2023 00:18:03 [main] Log - Executing: | Verify the result
[INFO ] 19-04-2023 00:18:03 [main] Log - Expected Result: Please fill out this field.
[INFO ] 19-04-2023 00:18:03 [main] Log - Actual Result: Please fill out this field.
[INFO ] 19-04-2023 00:18:03 [main] Log - Same result ---> Pass
[INFO ] 19-04-2023 00:18:03 [main] Log - Executing: Closing...
[INFO ] 19-04-2023 00:18:04 [main] Log - Stop record
[INFO ] 19-04-2023 00:19:05 [main] Log - Executing: Recording...
[INFO ] 19-04-2023 00:19:06 [main] Log - Executing: Open browser Chrome
[INFO ] 19-04-2023 00:19:11 [main] Log - Executing: Opening Url: https://www.careerlink.vn/nguoi-tim-viec/login
[INFO ] 19-04-2023 00:19:13 [main] Log - Executing: Enter text: 
[INFO ] 19-04-2023 00:19:13 [main] Log - Executing: Enter text: 20102001
[INFO ] 19-04-2023 00:19:13 [main] Log - Executing: Click button: xpath= //button[contains(text(),'Đăng nhập')]
[INFO ] 19-04-2023 00:19:15 [main] Log - Executing: | Verify the result
[INFO ] 19-04-2023 00:19:15 [main] Log - Expected Result: Please fill out this field.
[INFO ] 19-04-2023 00:19:15 [main] Log - Actual Result: Please fill out this field.
[INFO ] 19-04-2023 00:19:15 [main] Log - Same result ---> Pass
[INFO ] 19-04-2023 00:19:15 [main] Log - Executing: Closing...
[INFO ] 19-04-2023 00:19:16 [main] Log - Stop record
[INFO ] 19-04-2023 00:21:29 [main] Log - Executing: Recording...
[INFO ] 19-04-2023 00:21:29 [main] Log - Executing: Open browser Chrome
[INFO ] 19-04-2023 00:21:34 [main] Log - Executing: Opening Url: https://www.careerlink.vn/nguoi-tim-viec/login
[INFO ] 19-04-2023 00:21:36 [main] Log - Executing: Enter text: 
[INFO ] 19-04-2023 00:21:37 [main] Log - Executing: Enter text: 20102001
[INFO ] 19-04-2023 00:21:37 [main] Log - Executing: Click button: xpath= //button[contains(text(),'Đăng nhập')]
[INFO ] 19-04-2023 00:21:39 [main] Log - Executing: | Verify the result
[INFO ] 19-04-2023 00:21:39 [main] Log - Expected Result: Please fill out this field.
[INFO ] 19-04-2023 00:21:39 [main] Log - Actual Result: Please fill out this field.
[INFO ] 19-04-2023 00:21:39 [main] Log - Same result ---> Pass
[INFO ] 19-04-2023 00:21:39 [main] Log - Executing: Closing...
[INFO ] 19-04-2023 00:21:39 [main] Log - Stop record
[INFO ] 19-04-2023 00:22:31 [main] Log - Executing: Recording...
[INFO ] 19-04-2023 00:22:31 [main] Log - Executing: Open browser Chrome
[INFO ] 19-04-2023 00:22:36 [main] Log - Executing: Opening Url: https://www.careerlink.vn/nguoi-tim-viec/login
[INFO ] 19-04-2023 00:22:40 [main] Log - Executing: Enter text: null
[INFO ] 19-04-2023 00:22:40 [main] Log - Executing: Enter text: 20102001
[INFO ] 19-04-2023 00:22:40 [main] Log - Executing: Click button: xpath= //button[contains(text(),'Đăng nhập')]
[INFO ] 19-04-2023 00:22:42 [main] Log - Executing: | Verify the result
[INFO ] 19-04-2023 00:22:42 [main] Log - Expected Result: Please fill out this field.
[INFO ] 19-04-2023 00:22:42 [main] Log - Actual Result: Please fill out this field.
[INFO ] 19-04-2023 00:22:42 [main] Log - Same result ---> Pass
[INFO ] 19-04-2023 00:22:42 [main] Log - Executing: Closing...
[INFO ] 19-04-2023 00:22:43 [main] Log - Stop record
[INFO ] 19-04-2023 00:24:26 [main] Log - Executing: Recording...
[INFO ] 19-04-2023 00:24:27 [main] Log - Executing: Open browser Chrome
[INFO ] 19-04-2023 00:24:32 [main] Log - Executing: Opening Url: https://www.careerlink.vn/nguoi-tim-viec/login
[INFO ] 19-04-2023 00:24:35 [main] Log - Executing: Enter text: null
[INFO ] 19-04-2023 00:24:35 [main] Log - Executing: Enter text: 20102001
[INFO ] 19-04-2023 00:24:35 [main] Log - Executing: Click button: xpath= //button[contains(text(),'Đăng nhập')]
[INFO ] 19-04-2023 00:24:37 [main] Log - Executing: | Verify the result
[INFO ] 19-04-2023 00:24:37 [main] Log - Expected Result: Please fill out this field.
[INFO ] 19-04-2023 00:24:37 [main] Log - Actual Result: Please fill out this field.
[INFO ] 19-04-2023 00:24:37 [main] Log - Same result ---> Pass
[INFO ] 19-04-2023 00:24:38 [main] Log - Executing: Closing...
[INFO ] 19-04-2023 00:24:39 [main] Log - Stop record
[INFO ] 19-04-2023 00:24:40 [main] Log - Executing: Recording...
[INFO ] 19-04-2023 00:24:40 [main] Log - Executing: Open browser Chrome
[INFO ] 19-04-2023 00:24:41 [main] Log - Executing: Opening Url: https://www.careerlink.vn/nguoi-tim-viec/login
[INFO ] 19-04-2023 00:24:44 [main] Log - Executing: Enter text: null
[INFO ] 19-04-2023 00:24:44 [main] Log - Executing: Enter text: 20102001
[INFO ] 19-04-2023 00:24:44 [main] Log - Executing: Click button: xpath= //button[contains(text(),'Đăng nhập')]
[INFO ] 19-04-2023 00:24:46 [main] Log - Executing: | Verify the result
[INFO ] 19-04-2023 00:24:46 [main] Log - Expected Result: Please fill out this field.
[INFO ] 19-04-2023 00:24:46 [main] Log - Actual Result: Please fill out this field.
[INFO ] 19-04-2023 00:24:46 [main] Log - Same result ---> Pass
[INFO ] 19-04-2023 00:24:46 [main] Log - Executing: Closing...
[INFO ] 19-04-2023 00:24:46 [main] Log - Executing: Open browser Chrome
[INFO ] 19-04-2023 00:24:47 [main] Log - Executing: Opening Url: https://www.careerlink.vn/nguoi-tim-viec/login
[INFO ] 19-04-2023 00:24:50 [main] Log - Executing: Enter text: 
[INFO ] 19-04-2023 00:24:50 [main] Log - Executing: Enter text: 20102001
[INFO ] 19-04-2023 00:24:51 [main] Log - Executing: Click button: xpath= //button[contains(text(),'Đăng nhập')]
[INFO ] 19-04-2023 00:24:52 [main] Log - Executing: | Verify the result
[INFO ] 19-04-2023 00:24:52 [main] Log - Expected Result: Please fill out this field.
[INFO ] 19-04-2023 00:24:52 [main] Log - Actual Result: Please fill out this field.
[INFO ] 19-04-2023 00:24:52 [main] Log - Same result ---> Pass
[INFO ] 19-04-2023 00:24:52 [main] Log - Executing: Closing...
[INFO ] 19-04-2023 00:24:53 [main] Log - Stop record
[INFO ] 19-04-2023 00:26:06 [main] Log - Executing: Recording...
[INFO ] 19-04-2023 00:26:07 [main] Log - Executing: Open browser Chrome
[INFO ] 19-04-2023 00:26:13 [main] Log - Executing: Opening Url: https://www.careerlink.vn/nguoi-tim-viec/login
[INFO ] 19-04-2023 00:26:16 [main] Log - Executing: Enter text: null
[INFO ] 19-04-2023 00:26:16 [main] Log - Executing: Enter text: 20102001
[INFO ] 19-04-2023 00:26:16 [main] Log - Executing: Click button: xpath= //button[contains(text(),'Đăng nhập')]
[INFO ] 19-04-2023 00:26:18 [main] Log - Executing: | Verify the result
[INFO ] 19-04-2023 00:26:18 [main] Log - Expected Result: Please fill out this field.
[INFO ] 19-04-2023 00:26:18 [main] Log - Actual Result: Please fill out this field.
[INFO ] 19-04-2023 00:26:18 [main] Log - Same result ---> Pass
[INFO ] 19-04-2023 00:26:18 [main] Log - Executing: Closing...
[INFO ] 19-04-2023 00:26:19 [main] Log - Stop record
[INFO ] 19-04-2023 00:26:41 [main] Log - Executing: Recording...
[INFO ] 19-04-2023 00:26:58 [main] Log - Executing: Open browser Chrome
[INFO ] 19-04-2023 00:27:36 [main] Log - Executing: Opening Url: https://www.careerlink.vn/nguoi-tim-viec/login
[INFO ] 19-04-2023 00:27:46 [main] Log - Executing: Enter text: null
[INFO ] 19-04-2023 00:27:52 [main] Log - Executing: Enter text: 20102001
[INFO ] 19-04-2023 00:27:59 [main] Log - Executing: Click button: xpath= //button[contains(text(),'Đăng nhập')]
[INFO ] 19-04-2023 00:28:09 [main] Log - Executing: | Verify the result
[INFO ] 19-04-2023 00:28:09 [main] Log - Expected Result: Please fill out this field.
[INFO ] 19-04-2023 00:28:09 [main] Log - Actual Result: Please fill out this field.
[INFO ] 19-04-2023 00:28:09 [main] Log - Same result ---> Pass
[INFO ] 19-04-2023 00:28:18 [main] Log - Executing: Closing...
[INFO ] 19-04-2023 00:28:29 [main] Log - Executing: Open browser Chrome
[INFO ] 19-04-2023 00:28:41 [main] Log - Executing: Opening Url: https://www.careerlink.vn/nguoi-tim-viec/login
[INFO ] 19-04-2023 00:28:54 [main] Log - Executing: Enter text: 
[INFO ] 19-04-2023 00:29:05 [main] Log - Executing: Enter text: 20102001
[INFO ] 19-04-2023 00:29:16 [main] Log - Executing: Click button: xpath= //button[contains(text(),'Đăng nhập')]
[INFO ] 19-04-2023 00:29:31 [main] Log - Executing: | Verify the result
[INFO ] 19-04-2023 00:29:31 [main] Log - Expected Result: Please fill out this field.
[INFO ] 19-04-2023 00:29:31 [main] Log - Actual Result: Please fill out this field.
[INFO ] 19-04-2023 00:29:31 [main] Log - Same result ---> Pass
[INFO ] 19-04-2023 00:29:47 [main] Log - Executing: Closing...
[INFO ] 19-04-2023 00:29:59 [main] Log - Stop record
[INFO ] 19-04-2023 00:30:49 [main] Log - Executing: Recording...
[INFO ] 19-04-2023 00:30:49 [main] Log - Executing: Open browser Chrome
[INFO ] 19-04-2023 00:30:54 [main] Log - Executing: Opening Url: https://www.careerlink.vn/nguoi-tim-viec/login
[INFO ] 19-04-2023 00:30:56 [main] Log - Executing: Enter text: null
[INFO ] 19-04-2023 00:30:57 [main] Log - Executing: Enter text: 20102001
[INFO ] 19-04-2023 00:30:57 [main] Log - Executing: Click button: xpath= //button[contains(text(),'Đăng nhập')]
[INFO ] 19-04-2023 00:30:59 [main] Log - Executing: | Verify the result
[INFO ] 19-04-2023 00:30:59 [main] Log - Expected Result: Please fill out this field.
[INFO ] 19-04-2023 00:30:59 [main] Log - Actual Result: Please fill out this field.
[INFO ] 19-04-2023 00:30:59 [main] Log - Same result ---> Pass
[INFO ] 19-04-2023 00:30:59 [main] Log - Executing: Closing...
[INFO ] 19-04-2023 00:30:59 [main] Log - Stop record
[INFO ] 19-04-2023 00:31:00 [main] Log - Executing: Recording...
[INFO ] 19-04-2023 00:31:00 [main] Log - Executing: Open browser Chrome
[INFO ] 19-04-2023 00:31:01 [main] Log - Executing: Opening Url: https://www.careerlink.vn/nguoi-tim-viec/login
[INFO ] 19-04-2023 00:31:04 [main] Log - Executing: Enter text: null
[INFO ] 19-04-2023 00:31:04 [main] Log - Executing: Enter text: 20102001
[INFO ] 19-04-2023 00:31:04 [main] Log - Executing: Click button: xpath= //button[contains(text(),'Đăng nhập')]
[INFO ] 19-04-2023 00:31:06 [main] Log - Executing: | Verify the result
[INFO ] 19-04-2023 00:31:06 [main] Log - Expected Result: Please fill out this field.
[INFO ] 19-04-2023 00:31:06 [main] Log - Actual Result: Please fill out this field.
[INFO ] 19-04-2023 00:31:06 [main] Log - Same result ---> Pass
[INFO ] 19-04-2023 00:31:06 [main] Log - Executing: Closing...
[INFO ] 19-04-2023 00:31:07 [main] Log - Executing: Open browser Chrome
[INFO ] 19-04-2023 00:31:08 [main] Log - Executing: Opening Url: https://www.careerlink.vn/nguoi-tim-viec/login
[INFO ] 19-04-2023 00:31:11 [main] Log - Executing: Enter text: 
[INFO ] 19-04-2023 00:31:11 [main] Log - Executing: Enter text: 20102001
[INFO ] 19-04-2023 00:31:11 [main] Log - Executing: Click button: xpath= //button[contains(text(),'Đăng nhập')]
[INFO ] 19-04-2023 00:31:13 [main] Log - Executing: | Verify the result
[INFO ] 19-04-2023 00:31:13 [main] Log - Expected Result: Please fill out this field.
[INFO ] 19-04-2023 00:31:13 [main] Log - Actual Result: Please fill out this field.
[INFO ] 19-04-2023 00:31:13 [main] Log - Same result ---> Pass
[INFO ] 19-04-2023 00:31:13 [main] Log - Executing: Closing...
[INFO ] 19-04-2023 00:31:14 [main] Log - Stop record
[INFO ] 19-04-2023 00:34:44 [main] Log - Executing: Recording...
[INFO ] 19-04-2023 00:34:45 [main] Log - Executing: Open browser Chrome
[INFO ] 19-04-2023 00:34:49 [main] Log - Executing: Opening Url: https://www.careerlink.vn/nguoi-tim-viec/login
[INFO ] 19-04-2023 00:34:51 [main] Log - Executing: Enter text: null
[INFO ] 19-04-2023 00:34:52 [main] Log - Executing: Enter text: 20102001
[INFO ] 19-04-2023 00:34:52 [main] Log - Executing: Click button: xpath= //button[contains(text(),'Đăng nhập')]
[INFO ] 19-04-2023 00:34:54 [main] Log - Executing: | Verify the result
[INFO ] 19-04-2023 00:34:54 [main] Log - Expected Result: Please fill out this field.
[INFO ] 19-04-2023 00:34:54 [main] Log - Actual Result: Please fill out this field.
[INFO ] 19-04-2023 00:34:54 [main] Log - Same result ---> Pass
[INFO ] 19-04-2023 00:34:54 [main] Log - Executing: Closing...
[INFO ] 19-04-2023 00:34:55 [main] Log - Stop record
[INFO ] 19-04-2023 00:34:57 [main] Log - Executing: Recording...
[INFO ] 19-04-2023 00:34:57 [main] Log - Executing: Open browser Chrome
[INFO ] 19-04-2023 00:34:58 [main] Log - Executing: Opening Url: https://www.careerlink.vn/nguoi-tim-viec/login
[INFO ] 19-04-2023 00:35:00 [main] Log - Executing: Enter text: 
[INFO ] 19-04-2023 00:35:01 [main] Log - Executing: Enter text: 20102001
[INFO ] 19-04-2023 00:35:01 [main] Log - Executing: Click button: xpath= //button[contains(text(),'Đăng nhập')]
[INFO ] 19-04-2023 00:35:03 [main] Log - Executing: | Verify the result
[INFO ] 19-04-2023 00:35:03 [main] Log - Expected Result: Please fill out this field.
[INFO ] 19-04-2023 00:35:03 [main] Log - Actual Result: Please fill out this field.
[INFO ] 19-04-2023 00:35:03 [main] Log - Same result ---> Pass
[INFO ] 19-04-2023 00:35:03 [main] Log - Executing: Closing...
[INFO ] 19-04-2023 00:35:04 [main] Log - Stop record
[INFO ] 19-04-2023 01:10:20 [main] Log - Executing: Recording...
[INFO ] 19-04-2023 01:10:20 [main] Log - [>>ERROR<<]: |Keyword Not Found Keywords
[INFO ] 19-04-2023 01:10:23 [main] Log - Executing: Open browser Chrome
[INFO ] 19-04-2023 01:10:30 [main] Log - Executing: Opening Url: https://www.careerlink.vn/nguoi-tim-viec/login
[INFO ] 19-04-2023 01:10:34 [main] Log - Executing: Enter text: 
[INFO ] 19-04-2023 01:10:34 [main] Log - Executing: Enter text: 20102001
[INFO ] 19-04-2023 01:10:34 [main] Log - Executing: Click button: xpath= //button[contains(text(),'??ng nh?p')]
[INFO ] 19-04-2023 01:10:35 [main] Log - Executing: | Verify the result
[INFO ] 19-04-2023 01:10:35 [main] Log - Expected Result: Please fill out this field.
[INFO ] 19-04-2023 01:10:35 [main] Log - Actual Result: Please fill out this field.
[INFO ] 19-04-2023 01:10:35 [main] Log - Same result ---> Pass
[INFO ] 19-04-2023 01:10:35 [main] Log - Executing: Closing...
[INFO ] 19-04-2023 01:10:35 [main] Log - Stop record
[INFO ] 19-04-2023 01:26:31 [main] Log - Executing: Recording...
[INFO ] 19-04-2023 01:26:31 [main] Log - Stop record
[INFO ] 19-04-2023 01:26:59 [main] Log - Executing: Recording...
[INFO ] 19-04-2023 01:26:59 [main] Log - Stop record
[INFO ] 19-04-2023 01:28:57 [main] Log - Executing: Recording...
[INFO ] 19-04-2023 01:28:58 [main] Log - Executing: Open browser Chrome
[INFO ] 19-04-2023 01:29:05 [main] Log - Executing: Opening Url: https://www.careerlink.vn/nguoi-tim-viec/login
[INFO ] 19-04-2023 01:29:08 [main] Log - Executing: Enter text: 
[INFO ] 19-04-2023 01:29:08 [main] Log - Executing: Enter text: 20102001
[INFO ] 19-04-2023 01:29:09 [main] Log - Executing: Click button: xpath= //button[contains(text(),'??ng nh?p')]
[INFO ] 19-04-2023 01:29:09 [main] Log - Executing: | Verify the result
[INFO ] 19-04-2023 01:29:09 [main] Log - Expected Result: Please fill out this field.
[INFO ] 19-04-2023 01:29:09 [main] Log - Actual Result: Please fill out this field.
[INFO ] 19-04-2023 01:29:09 [main] Log - Same result ---> Pass
[INFO ] 19-04-2023 01:29:09 [main] Log - Executing: Closing...
[INFO ] 19-04-2023 01:29:11 [main] Log - Stop record
